::1 - - [04/Dec/2019:00:18:33 +0700] "GET / HTTP/1.1" 200 662 "-" "Mozilla/5.0 (X11; Linux x86_64) AppleWebKit/537.36 (KHTML, like Gecko) Chrome/78.0.3904.108 Safari/537.36"
::1 - - [04/Dec/2019:00:18:37 +0700] "GET /SuperDev-IT/ HTTP/1.1" 200 725 "http://localhost/" "Mozilla/5.0 (X11; Linux x86_64) AppleWebKit/537.36 (KHTML, like Gecko) Chrome/78.0.3904.108 Safari/537.36"
::1 - - [04/Dec/2019:00:18:39 +0700] "GET /SuperDev-IT/session_02_array_/ HTTP/1.1" 200 713 "http://localhost/SuperDev-IT/" "Mozilla/5.0 (X11; Linux x86_64) AppleWebKit/537.36 (KHTML, like Gecko) Chrome/78.0.3904.108 Safari/537.36"
::1 - - [04/Dec/2019:00:18:40 +0700] "GET /SuperDev-IT/session_02_array_/thang/ HTTP/1.1" 200 738 "http://localhost/SuperDev-IT/session_02_array_/" "Mozilla/5.0 (X11; Linux x86_64) AppleWebKit/537.36 (KHTML, like Gecko) Chrome/78.0.3904.108 Safari/537.36"
::1 - - [04/Dec/2019:00:18:43 +0700] "GET /SuperDev-IT/session_02_array_/thang/pratical/ HTTP/1.1" 200 741 "http://localhost/SuperDev-IT/session_02_array_/thang/" "Mozilla/5.0 (X11; Linux x86_64) AppleWebKit/537.36 (KHTML, like Gecko) Chrome/78.0.3904.108 Safari/537.36"
::1 - - [04/Dec/2019:00:18:44 +0700] "GET /SuperDev-IT/session_02_array_/thang/pratical/Customer_List.php HTTP/1.1" 200 797 "http://localhost/SuperDev-IT/session_02_array_/thang/pratical/" "Mozilla/5.0 (X11; Linux x86_64) AppleWebKit/537.36 (KHTML, like Gecko) Chrome/78.0.3904.108 Safari/537.36"
::1 - - [04/Dec/2019:00:23:47 +0700] "GET /SuperDev-IT/session_02_array_/thang/pratical/Customer_List.php HTTP/1.1" 200 950 "http://localhost/SuperDev-IT/session_02_array_/thang/pratical/" "Mozilla/5.0 (X11; Linux x86_64) AppleWebKit/537.36 (KHTML, like Gecko) Chrome/78.0.3904.108 Safari/537.36"
::1 - - [04/Dec/2019:00:23:47 +0700] "GET /SuperDev-IT/session_02_array_/thang/pratical/images/img1.jpg HTTP/1.1" 404 487 "http://localhost/SuperDev-IT/session_02_array_/thang/pratical/Customer_List.php" "Mozilla/5.0 (X11; Linux x86_64) AppleWebKit/537.36 (KHTML, like Gecko) Chrome/78.0.3904.108 Safari/537.36"
::1 - - [04/Dec/2019:00:23:47 +0700] "GET /SuperDev-IT/session_02_array_/thang/pratical/images/img2.jpg HTTP/1.1" 404 488 "http://localhost/SuperDev-IT/session_02_array_/thang/pratical/Customer_List.php" "Mozilla/5.0 (X11; Linux x86_64) AppleWebKit/537.36 (KHTML, like Gecko) Chrome/78.0.3904.108 Safari/537.36"
::1 - - [04/Dec/2019:00:23:47 +0700] "GET /SuperDev-IT/session_02_array_/thang/pratical/images/img3.jpg HTTP/1.1" 404 488 "http://localhost/SuperDev-IT/session_02_array_/thang/pratical/Customer_List.php" "Mozilla/5.0 (X11; Linux x86_64) AppleWebKit/537.36 (KHTML, like Gecko) Chrome/78.0.3904.108 Safari/537.36"
::1 - - [04/Dec/2019:00:23:47 +0700] "GET /SuperDev-IT/session_02_array_/thang/pratical/images/img5.jpg HTTP/1.1" 404 488 "http://localhost/SuperDev-IT/session_02_array_/thang/pratical/Customer_List.php" "Mozilla/5.0 (X11; Linux x86_64) AppleWebKit/537.36 (KHTML, like Gecko) Chrome/78.0.3904.108 Safari/537.36"
::1 - - [04/Dec/2019:00:23:47 +0700] "GET /SuperDev-IT/session_02_array_/thang/pratical/images/img4.jpg HTTP/1.1" 404 488 "http://localhost/SuperDev-IT/session_02_array_/thang/pratical/Customer_List.php" "Mozilla/5.0 (X11; Linux x86_64) AppleWebKit/537.36 (KHTML, like Gecko) Chrome/78.0.3904.108 Safari/537.36"
::1 - - [04/Dec/2019:00:26:03 +0700] "GET / HTTP/1.1" 200 662 "-" "Mozilla/5.0 (X11; Linux x86_64) AppleWebKit/537.36 (KHTML, like Gecko) Chrome/78.0.3904.108 Safari/537.36"
::1 - - [04/Dec/2019:00:26:06 +0700] "GET /SuperDev-IT/ HTTP/1.1" 200 725 "http://localhost/" "Mozilla/5.0 (X11; Linux x86_64) AppleWebKit/537.36 (KHTML, like Gecko) Chrome/78.0.3904.108 Safari/537.36"
::1 - - [04/Dec/2019:00:26:07 +0700] "GET /SuperDev-IT/session_02_array_/ HTTP/1.1" 200 713 "http://localhost/SuperDev-IT/" "Mozilla/5.0 (X11; Linux x86_64) AppleWebKit/537.36 (KHTML, like Gecko) Chrome/78.0.3904.108 Safari/537.36"
::1 - - [04/Dec/2019:00:26:09 +0700] "GET /SuperDev-IT/session_02_array_/thang/ HTTP/1.1" 200 738 "http://localhost/SuperDev-IT/session_02_array_/" "Mozilla/5.0 (X11; Linux x86_64) AppleWebKit/537.36 (KHTML, like Gecko) Chrome/78.0.3904.108 Safari/537.36"
::1 - - [04/Dec/2019:00:26:13 +0700] "GET /SuperDev-IT/session_02_array_/thang/exercise/ HTTP/1.1" 200 683 "http://localhost/SuperDev-IT/session_02_array_/thang/" "Mozilla/5.0 (X11; Linux x86_64) AppleWebKit/537.36 (KHTML, like Gecko) Chrome/78.0.3904.108 Safari/537.36"
::1 - - [04/Dec/2019:00:26:16 +0700] "GET /SuperDev-IT/session_02_array_/thang/pratical/ HTTP/1.1" 200 741 "http://localhost/SuperDev-IT/session_02_array_/thang/" "Mozilla/5.0 (X11; Linux x86_64) AppleWebKit/537.36 (KHTML, like Gecko) Chrome/78.0.3904.108 Safari/537.36"
::1 - - [04/Dec/2019:00:26:18 +0700] "GET /SuperDev-IT/session_02_array_/thang/pratical/Customer_List.php HTTP/1.1" 200 949 "http://localhost/SuperDev-IT/session_02_array_/thang/pratical/" "Mozilla/5.0 (X11; Linux x86_64) AppleWebKit/537.36 (KHTML, like Gecko) Chrome/78.0.3904.108 Safari/537.36"
::1 - - [04/Dec/2019:00:26:18 +0700] "GET /SuperDev-IT/session_02_array_/thang/pratical/images/img1.jpg HTTP/1.1" 404 487 "http://localhost/SuperDev-IT/session_02_array_/thang/pratical/Customer_List.php" "Mozilla/5.0 (X11; Linux x86_64) AppleWebKit/537.36 (KHTML, like Gecko) Chrome/78.0.3904.108 Safari/537.36"
::1 - - [04/Dec/2019:00:26:18 +0700] "GET /SuperDev-IT/session_02_array_/thang/pratical/images/img2.jpg HTTP/1.1" 404 488 "http://localhost/SuperDev-IT/session_02_array_/thang/pratical/Customer_List.php" "Mozilla/5.0 (X11; Linux x86_64) AppleWebKit/537.36 (KHTML, like Gecko) Chrome/78.0.3904.108 Safari/537.36"
::1 - - [04/Dec/2019:00:26:18 +0700] "GET /SuperDev-IT/session_02_array_/thang/pratical/images/img3.jpg HTTP/1.1" 404 488 "http://localhost/SuperDev-IT/session_02_array_/thang/pratical/Customer_List.php" "Mozilla/5.0 (X11; Linux x86_64) AppleWebKit/537.36 (KHTML, like Gecko) Chrome/78.0.3904.108 Safari/537.36"
::1 - - [04/Dec/2019:00:26:18 +0700] "GET /SuperDev-IT/session_02_array_/thang/pratical/images/img5.jpg HTTP/1.1" 404 488 "http://localhost/SuperDev-IT/session_02_array_/thang/pratical/Customer_List.php" "Mozilla/5.0 (X11; Linux x86_64) AppleWebKit/537.36 (KHTML, like Gecko) Chrome/78.0.3904.108 Safari/537.36"
::1 - - [04/Dec/2019:00:26:18 +0700] "GET /SuperDev-IT/session_02_array_/thang/pratical/images/img4.jpg HTTP/1.1" 404 488 "http://localhost/SuperDev-IT/session_02_array_/thang/pratical/Customer_List.php" "Mozilla/5.0 (X11; Linux x86_64) AppleWebKit/537.36 (KHTML, like Gecko) Chrome/78.0.3904.108 Safari/537.36"
::1 - - [04/Dec/2019:00:45:59 +0700] "GET / HTTP/1.1" 200 662 "-" "Mozilla/5.0 (X11; Linux x86_64) AppleWebKit/537.36 (KHTML, like Gecko) Chrome/78.0.3904.108 Safari/537.36"
::1 - - [04/Dec/2019:00:46:02 +0700] "GET /SuperDev-IT/ HTTP/1.1" 200 725 "http://localhost/" "Mozilla/5.0 (X11; Linux x86_64) AppleWebKit/537.36 (KHTML, like Gecko) Chrome/78.0.3904.108 Safari/537.36"
::1 - - [04/Dec/2019:00:46:03 +0700] "GET /SuperDev-IT/session_02_array_/ HTTP/1.1" 200 713 "http://localhost/SuperDev-IT/" "Mozilla/5.0 (X11; Linux x86_64) AppleWebKit/537.36 (KHTML, like Gecko) Chrome/78.0.3904.108 Safari/537.36"
::1 - - [04/Dec/2019:00:46:04 +0700] "GET /SuperDev-IT/session_02_array_/thang/ HTTP/1.1" 200 739 "http://localhost/SuperDev-IT/session_02_array_/" "Mozilla/5.0 (X11; Linux x86_64) AppleWebKit/537.36 (KHTML, like Gecko) Chrome/78.0.3904.108 Safari/537.36"
::1 - - [04/Dec/2019:00:46:07 +0700] "GET /SuperDev-IT/session_02_array_/thang/pratical/ HTTP/1.1" 200 775 "http://localhost/SuperDev-IT/session_02_array_/thang/" "Mozilla/5.0 (X11; Linux x86_64) AppleWebKit/537.36 (KHTML, like Gecko) Chrome/78.0.3904.108 Safari/537.36"
::1 - - [04/Dec/2019:00:46:09 +0700] "GET /SuperDev-IT/session_02_array_/thang/pratical/layoutforweb/ HTTP/1.1" 200 855 "http://localhost/SuperDev-IT/session_02_array_/thang/pratical/" "Mozilla/5.0 (X11; Linux x86_64) AppleWebKit/537.36 (KHTML, like Gecko) Chrome/78.0.3904.108 Safari/537.36"
::1 - - [04/Dec/2019:00:46:09 +0700] "GET /SuperDev-IT/session_02_array_/thang/pratical/layoutforweb/css.css HTTP/1.1" 200 585 "http://localhost/SuperDev-IT/session_02_array_/thang/pratical/layoutforweb/" "Mozilla/5.0 (X11; Linux x86_64) AppleWebKit/537.36 (KHTML, like Gecko) Chrome/78.0.3904.108 Safari/537.36"
::1 - - [04/Dec/2019:00:47:14 +0700] "GET /SuperDev-IT/session_02_array_/thang/pratical/layoutforweb/ HTTP/1.1" 200 840 "http://localhost/SuperDev-IT/session_02_array_/thang/pratical/" "Mozilla/5.0 (X11; Linux x86_64) AppleWebKit/537.36 (KHTML, like Gecko) Chrome/78.0.3904.108 Safari/537.36"
::1 - - [04/Dec/2019:00:47:14 +0700] "GET /SuperDev-IT/session_02_array_/thang/pratical/layoutforweb/css.css HTTP/1.1" 200 585 "http://localhost/SuperDev-IT/session_02_array_/thang/pratical/layoutforweb/" "Mozilla/5.0 (X11; Linux x86_64) AppleWebKit/537.36 (KHTML, like Gecko) Chrome/78.0.3904.108 Safari/537.36"
